<?xml version="1.0" encoding="UTF-8"?>
<!-- Generated by org.testng.reporters.JUnitReportReporter -->
<testsuite hostname="TNT06000091" name="com.myproject.automationframework.tests.LoginUserDetailsTest" tests="1" failures="0" timestamp="14 Aug 2018 20:49:17 GMT" time="25.727" errors="0">
  <testcase name="verifyLoginLogoutUserDeatils" time="25.727" classname="com.myproject.automationframework.tests.LoginUserDetailsTest"/>
</testsuite> <!-- com.myproject.automationframework.tests.LoginUserDetailsTest -->
